INFO 2026-02-23 19:31:16,094 autoreload Watching for file changes with StatReloader
WARNING 2026-02-23 19:31:51,473 exceptions [AdminOrderListView] NotAuthenticated: {'detail': ErrorDetail(string='Authentication credentials were not provided.', code='not_authenticated')}
Traceback (most recent call last):
  File "C:\Users\batuh\OneDrive\Desktop\django-api\.venv\Lib\site-packages\rest_framework\views.py", line 503, in dispatch
    self.initial(request, *args, **kwargs)
  File "C:\Users\batuh\OneDrive\Desktop\django-api\.venv\Lib\site-packages\rest_framework\views.py", line 421, in initial
    self.check_permissions(request)
  File "C:\Users\batuh\OneDrive\Desktop\django-api\.venv\Lib\site-packages\rest_framework\views.py", line 339, in check_permissions
    self.permission_denied(
  File "C:\Users\batuh\OneDrive\Desktop\django-api\.venv\Lib\site-packages\rest_framework\views.py", line 180, in permission_denied
    raise exceptions.NotAuthenticated()
rest_framework.exceptions.NotAuthenticated: Authentication credentials were not provided.
WARNING 2026-02-23 19:31:51,483 log Unauthorized: /api/orders/admin
INFO 2026-02-23 19:32:40,432 autoreload C:\Users\batuh\OneDrive\Desktop\django-api\users\views.py changed, reloading.
INFO 2026-02-23 19:32:41,099 autoreload Watching for file changes with StatReloader
INFO 2026-02-23 19:33:05,846 autoreload C:\Users\batuh\OneDrive\Desktop\django-api\users\views.py changed, reloading.
INFO 2026-02-23 19:33:06,520 autoreload Watching for file changes with StatReloader
INFO 2026-02-23 19:36:42,824 autoreload C:\Users\batuh\OneDrive\Desktop\django-api\users\views.py changed, reloading.
INFO 2026-02-23 19:36:43,436 autoreload Watching for file changes with StatReloader
INFO 2026-02-23 19:37:20,532 views User info@batuhanyilmaz.com logged in successfully. (id: 1)
INFO 2026-02-23 19:44:38,715 autoreload C:\Users\batuh\OneDrive\Desktop\django-api\app\settings.py changed, reloading.
